<?xml version="1.0" encoding="UTF-8"?>
<testsuite xmlns:xsi="http://www.w3.org/2001/XMLSchema-instance" xsi:noNamespaceSchemaLocation="https://maven.apache.org/surefire/maven-surefire-plugin/xsd/surefire-test-report-3.0.xsd" version="3.0" name="TestSuite" time="2.718" tests="14" errors="0" skipped="13" failures="1">
  <properties>
    <property name="gopherProxySet" value="false"/>
    <property name="awt.toolkit" value="sun.lwawt.macosx.LWCToolkit"/>
    <property name="java.specification.version" value="11"/>
    <property name="sun.cpu.isalist" value=""/>
    <property name="sun.jnu.encoding" value="UTF-8"/>
    <property name="java.class.path" value="/Users/naveenautomationlabs/Documents/workspace1/OMSUIAutomation/target/test-classes:/Users/naveenautomationlabs/Documents/workspace1/OMSUIAutomation/target/classes:/Users/naveenautomationlabs/.m2/repository/org/apache/httpcomponents/client5/httpclient5/5.3-alpha1/httpclient5-5.3-alpha1.jar:/Users/naveenautomationlabs/.m2/repository/org/apache/httpcomponents/core5/httpcore5/5.2.2/httpcore5-5.2.2.jar:/Users/naveenautomationlabs/.m2/repository/org/apache/httpcomponents/core5/httpcore5-h2/5.2.2/httpcore5-h2-5.2.2.jar:/Users/naveenautomationlabs/.m2/repository/org/slf4j/slf4j-api/1.7.36/slf4j-api-1.7.36.jar:/Users/naveenautomationlabs/.m2/repository/com/fasterxml/jackson/core/jackson-databind/2.15.2/jackson-databind-2.15.2.jar:/Users/naveenautomationlabs/.m2/repository/com/fasterxml/jackson/core/jackson-annotations/2.15.2/jackson-annotations-2.15.2.jar:/Users/naveenautomationlabs/.m2/repository/com/fasterxml/jackson/core/jackson-core/2.15.2/jackson-core-2.15.2.jar:/Users/naveenautomationlabs/.m2/repository/org/projectlombok/lombok/1.18.28/lombok-1.18.28.jar:/Users/naveenautomationlabs/.m2/repository/com/github/tomakehurst/wiremock/3.0.0-beta-10/wiremock-3.0.0-beta-10.jar:/Users/naveenautomationlabs/.m2/repository/org/eclipse/jetty/jetty-server/11.0.12/jetty-server-11.0.12.jar:/Users/naveenautomationlabs/.m2/repository/org/eclipse/jetty/toolchain/jetty-jakarta-servlet-api/5.0.2/jetty-jakarta-servlet-api-5.0.2.jar:/Users/naveenautomationlabs/.m2/repository/org/eclipse/jetty/jetty-http/11.0.12/jetty-http-11.0.12.jar:/Users/naveenautomationlabs/.m2/repository/org/eclipse/jetty/jetty-io/11.0.12/jetty-io-11.0.12.jar:/Users/naveenautomationlabs/.m2/repository/org/eclipse/jetty/jetty-servlet/11.0.12/jetty-servlet-11.0.12.jar:/Users/naveenautomationlabs/.m2/repository/org/eclipse/jetty/jetty-security/11.0.12/jetty-security-11.0.12.jar:/Users/naveenautomationlabs/.m2/repository/org/eclipse/jetty/jetty-servlets/11.0.12/jetty-servlets-11.0.12.jar:/Users/naveenautomationlabs/.m2/repository/org/eclipse/jetty/jetty-util/11.0.12/jetty-util-11.0.12.jar:/Users/naveenautomationlabs/.m2/repository/org/eclipse/jetty/jetty-webapp/11.0.12/jetty-webapp-11.0.12.jar:/Users/naveenautomationlabs/.m2/repository/org/eclipse/jetty/jetty-xml/11.0.12/jetty-xml-11.0.12.jar:/Users/naveenautomationlabs/.m2/repository/org/eclipse/jetty/jetty-proxy/11.0.12/jetty-proxy-11.0.12.jar:/Users/naveenautomationlabs/.m2/repository/org/eclipse/jetty/jetty-client/11.0.12/jetty-client-11.0.12.jar:/Users/naveenautomationlabs/.m2/repository/org/eclipse/jetty/http2/http2-server/11.0.12/http2-server-11.0.12.jar:/Users/naveenautomationlabs/.m2/repository/org/eclipse/jetty/http2/http2-common/11.0.12/http2-common-11.0.12.jar:/Users/naveenautomationlabs/.m2/repository/org/eclipse/jetty/http2/http2-hpack/11.0.12/http2-hpack-11.0.12.jar:/Users/naveenautomationlabs/.m2/repository/org/eclipse/jetty/jetty-alpn-server/11.0.12/jetty-alpn-server-11.0.12.jar:/Users/naveenautomationlabs/.m2/repository/org/eclipse/jetty/jetty-alpn-java-server/11.0.12/jetty-alpn-java-server-11.0.12.jar:/Users/naveenautomationlabs/.m2/repository/org/eclipse/jetty/jetty-alpn-java-client/11.0.12/jetty-alpn-java-client-11.0.12.jar:/Users/naveenautomationlabs/.m2/repository/org/eclipse/jetty/jetty-alpn-client/11.0.12/jetty-alpn-client-11.0.12.jar:/Users/naveenautomationlabs/.m2/repository/com/google/guava/guava/32.0.1-jre/guava-32.0.1-jre.jar:/Users/naveenautomationlabs/.m2/repository/com/google/guava/failureaccess/1.0.1/failureaccess-1.0.1.jar:/Users/naveenautomationlabs/.m2/repository/com/google/guava/listenablefuture/9999.0-empty-to-avoid-conflict-with-guava/listenablefuture-9999.0-empty-to-avoid-conflict-with-guava.jar:/Users/naveenautomationlabs/.m2/repository/com/google/code/findbugs/jsr305/3.0.2/jsr305-3.0.2.jar:/Users/naveenautomationlabs/.m2/repository/org/checkerframework/checker-qual/3.33.0/checker-qual-3.33.0.jar:/Users/naveenautomationlabs/.m2/repository/com/google/errorprone/error_prone_annotations/2.18.0/error_prone_annotations-2.18.0.jar:/Users/naveenautomationlabs/.m2/repository/com/google/j2objc/j2objc-annotations/2.8/j2objc-annotations-2.8.jar:/Users/naveenautomationlabs/.m2/repository/com/fasterxml/jackson/datatype/jackson-datatype-jsr310/2.15.2/jackson-datatype-jsr310-2.15.2.jar:/Users/naveenautomationlabs/.m2/repository/org/xmlunit/xmlunit-core/2.9.1/xmlunit-core-2.9.1.jar:/Users/naveenautomationlabs/.m2/repository/jakarta/xml/bind/jakarta.xml.bind-api/2.3.3/jakarta.xml.bind-api-2.3.3.jar:/Users/naveenautomationlabs/.m2/repository/jakarta/activation/jakarta.activation-api/1.2.2/jakarta.activation-api-1.2.2.jar:/Users/naveenautomationlabs/.m2/repository/org/xmlunit/xmlunit-legacy/2.9.1/xmlunit-legacy-2.9.1.jar:/Users/naveenautomationlabs/.m2/repository/org/xmlunit/xmlunit-placeholders/2.9.1/xmlunit-placeholders-2.9.1.jar:/Users/naveenautomationlabs/.m2/repository/net/javacrumbs/json-unit/json-unit-core/2.38.0/json-unit-core-2.38.0.jar:/Users/naveenautomationlabs/.m2/repository/org/hamcrest/hamcrest-core/2.2/hamcrest-core-2.2.jar:/Users/naveenautomationlabs/.m2/repository/com/jayway/jsonpath/json-path/2.8.0/json-path-2.8.0.jar:/Users/naveenautomationlabs/.m2/repository/net/minidev/json-smart/2.4.10/json-smart-2.4.10.jar:/Users/naveenautomationlabs/.m2/repository/net/minidev/accessors-smart/2.4.9/accessors-smart-2.4.9.jar:/Users/naveenautomationlabs/.m2/repository/org/ow2/asm/asm/9.5/asm-9.5.jar:/Users/naveenautomationlabs/.m2/repository/net/sf/jopt-simple/jopt-simple/5.0.4/jopt-simple-5.0.4.jar:/Users/naveenautomationlabs/.m2/repository/org/apache/commons/commons-lang3/3.12.0/commons-lang3-3.12.0.jar:/Users/naveenautomationlabs/.m2/repository/com/github/jknack/handlebars/4.3.1/handlebars-4.3.1.jar:/Users/naveenautomationlabs/.m2/repository/com/github/jknack/handlebars-helpers/4.3.1/handlebars-helpers-4.3.1.jar:/Users/naveenautomationlabs/.m2/repository/commons-fileupload/commons-fileupload/1.5/commons-fileupload-1.5.jar:/Users/naveenautomationlabs/.m2/repository/commons-io/commons-io/2.13.0/commons-io-2.13.0.jar:/Users/naveenautomationlabs/.m2/repository/com/networknt/json-schema-validator/1.0.83/json-schema-validator-1.0.83.jar:/Users/naveenautomationlabs/.m2/repository/com/ethlo/time/itu/1.7.0/itu-1.7.0.jar:/Users/naveenautomationlabs/.m2/repository/com/fasterxml/jackson/dataformat/jackson-dataformat-yaml/2.14.2/jackson-dataformat-yaml-2.14.2.jar:/Users/naveenautomationlabs/.m2/repository/org/yaml/snakeyaml/1.33/snakeyaml-1.33.jar:/Users/naveenautomationlabs/.m2/repository/org/testng/testng/7.0.0/testng-7.0.0.jar:/Users/naveenautomationlabs/.m2/repository/com/beust/jcommander/1.72/jcommander-1.72.jar:/Users/naveenautomationlabs/.m2/repository/io/rest-assured/rest-assured/5.3.1/rest-assured-5.3.1.jar:/Users/naveenautomationlabs/.m2/repository/org/apache/groovy/groovy/4.0.11/groovy-4.0.11.jar:/Users/naveenautomationlabs/.m2/repository/org/apache/groovy/groovy-xml/4.0.11/groovy-xml-4.0.11.jar:/Users/naveenautomationlabs/.m2/repository/org/apache/httpcomponents/httpclient/4.5.13/httpclient-4.5.13.jar:/Users/naveenautomationlabs/.m2/repository/org/apache/httpcomponents/httpcore/4.4.13/httpcore-4.4.13.jar:/Users/naveenautomationlabs/.m2/repository/commons-logging/commons-logging/1.2/commons-logging-1.2.jar:/Users/naveenautomationlabs/.m2/repository/commons-codec/commons-codec/1.11/commons-codec-1.11.jar:/Users/naveenautomationlabs/.m2/repository/org/apache/httpcomponents/httpmime/4.5.13/httpmime-4.5.13.jar:/Users/naveenautomationlabs/.m2/repository/org/hamcrest/hamcrest/2.2/hamcrest-2.2.jar:/Users/naveenautomationlabs/.m2/repository/org/ccil/cowan/tagsoup/tagsoup/1.2.1/tagsoup-1.2.1.jar:/Users/naveenautomationlabs/.m2/repository/io/rest-assured/json-path/5.3.1/json-path-5.3.1.jar:/Users/naveenautomationlabs/.m2/repository/org/apache/groovy/groovy-json/4.0.11/groovy-json-4.0.11.jar:/Users/naveenautomationlabs/.m2/repository/io/rest-assured/rest-assured-common/5.3.1/rest-assured-common-5.3.1.jar:/Users/naveenautomationlabs/.m2/repository/io/rest-assured/xml-path/5.3.1/xml-path-5.3.1.jar:"/>
    <property name="java.vm.vendor" value="Oracle Corporation"/>
    <property name="sun.arch.data.model" value="64"/>
    <property name="java.vendor.url" value="https://openjdk.java.net/"/>
    <property name="user.timezone" value="Asia/Kolkata"/>
    <property name="java.vm.specification.version" value="11"/>
    <property name="os.name" value="Mac OS X"/>
    <property name="sun.java.launcher" value="SUN_STANDARD"/>
    <property name="user.country" value="IN"/>
    <property name="sun.boot.library.path" value="/Library/Java/JavaVirtualMachines/jdk-11.jdk/Contents/Home/lib"/>
    <property name="sun.java.command" value="/Users/naveenautomationlabs/Documents/workspace1/OMSUIAutomation/target/surefire/surefirebooter-20230823222306570_3.jar /Users/naveenautomationlabs/Documents/workspace1/OMSUIAutomation/target/surefire 2023-08-23T22-23-06_325-jvmRun1 surefire-20230823222306570_1tmp surefire_0-20230823222306570_2tmp"/>
    <property name="http.nonProxyHosts" value="local|*.local| 169.254/16|*. 169.254/16"/>
    <property name="jdk.debug" value="release"/>
    <property name="surefire.test.class.path" value="/Users/naveenautomationlabs/Documents/workspace1/OMSUIAutomation/target/test-classes:/Users/naveenautomationlabs/Documents/workspace1/OMSUIAutomation/target/classes:/Users/naveenautomationlabs/.m2/repository/org/apache/httpcomponents/client5/httpclient5/5.3-alpha1/httpclient5-5.3-alpha1.jar:/Users/naveenautomationlabs/.m2/repository/org/apache/httpcomponents/core5/httpcore5/5.2.2/httpcore5-5.2.2.jar:/Users/naveenautomationlabs/.m2/repository/org/apache/httpcomponents/core5/httpcore5-h2/5.2.2/httpcore5-h2-5.2.2.jar:/Users/naveenautomationlabs/.m2/repository/org/slf4j/slf4j-api/1.7.36/slf4j-api-1.7.36.jar:/Users/naveenautomationlabs/.m2/repository/com/fasterxml/jackson/core/jackson-databind/2.15.2/jackson-databind-2.15.2.jar:/Users/naveenautomationlabs/.m2/repository/com/fasterxml/jackson/core/jackson-annotations/2.15.2/jackson-annotations-2.15.2.jar:/Users/naveenautomationlabs/.m2/repository/com/fasterxml/jackson/core/jackson-core/2.15.2/jackson-core-2.15.2.jar:/Users/naveenautomationlabs/.m2/repository/org/projectlombok/lombok/1.18.28/lombok-1.18.28.jar:/Users/naveenautomationlabs/.m2/repository/com/github/tomakehurst/wiremock/3.0.0-beta-10/wiremock-3.0.0-beta-10.jar:/Users/naveenautomationlabs/.m2/repository/org/eclipse/jetty/jetty-server/11.0.12/jetty-server-11.0.12.jar:/Users/naveenautomationlabs/.m2/repository/org/eclipse/jetty/toolchain/jetty-jakarta-servlet-api/5.0.2/jetty-jakarta-servlet-api-5.0.2.jar:/Users/naveenautomationlabs/.m2/repository/org/eclipse/jetty/jetty-http/11.0.12/jetty-http-11.0.12.jar:/Users/naveenautomationlabs/.m2/repository/org/eclipse/jetty/jetty-io/11.0.12/jetty-io-11.0.12.jar:/Users/naveenautomationlabs/.m2/repository/org/eclipse/jetty/jetty-servlet/11.0.12/jetty-servlet-11.0.12.jar:/Users/naveenautomationlabs/.m2/repository/org/eclipse/jetty/jetty-security/11.0.12/jetty-security-11.0.12.jar:/Users/naveenautomationlabs/.m2/repository/org/eclipse/jetty/jetty-servlets/11.0.12/jetty-servlets-11.0.12.jar:/Users/naveenautomationlabs/.m2/repository/org/eclipse/jetty/jetty-util/11.0.12/jetty-util-11.0.12.jar:/Users/naveenautomationlabs/.m2/repository/org/eclipse/jetty/jetty-webapp/11.0.12/jetty-webapp-11.0.12.jar:/Users/naveenautomationlabs/.m2/repository/org/eclipse/jetty/jetty-xml/11.0.12/jetty-xml-11.0.12.jar:/Users/naveenautomationlabs/.m2/repository/org/eclipse/jetty/jetty-proxy/11.0.12/jetty-proxy-11.0.12.jar:/Users/naveenautomationlabs/.m2/repository/org/eclipse/jetty/jetty-client/11.0.12/jetty-client-11.0.12.jar:/Users/naveenautomationlabs/.m2/repository/org/eclipse/jetty/http2/http2-server/11.0.12/http2-server-11.0.12.jar:/Users/naveenautomationlabs/.m2/repository/org/eclipse/jetty/http2/http2-common/11.0.12/http2-common-11.0.12.jar:/Users/naveenautomationlabs/.m2/repository/org/eclipse/jetty/http2/http2-hpack/11.0.12/http2-hpack-11.0.12.jar:/Users/naveenautomationlabs/.m2/repository/org/eclipse/jetty/jetty-alpn-server/11.0.12/jetty-alpn-server-11.0.12.jar:/Users/naveenautomationlabs/.m2/repository/org/eclipse/jetty/jetty-alpn-java-server/11.0.12/jetty-alpn-java-server-11.0.12.jar:/Users/naveenautomationlabs/.m2/repository/org/eclipse/jetty/jetty-alpn-java-client/11.0.12/jetty-alpn-java-client-11.0.12.jar:/Users/naveenautomationlabs/.m2/repository/org/eclipse/jetty/jetty-alpn-client/11.0.12/jetty-alpn-client-11.0.12.jar:/Users/naveenautomationlabs/.m2/repository/com/google/guava/guava/32.0.1-jre/guava-32.0.1-jre.jar:/Users/naveenautomationlabs/.m2/repository/com/google/guava/failureaccess/1.0.1/failureaccess-1.0.1.jar:/Users/naveenautomationlabs/.m2/repository/com/google/guava/listenablefuture/9999.0-empty-to-avoid-conflict-with-guava/listenablefuture-9999.0-empty-to-avoid-conflict-with-guava.jar:/Users/naveenautomationlabs/.m2/repository/com/google/code/findbugs/jsr305/3.0.2/jsr305-3.0.2.jar:/Users/naveenautomationlabs/.m2/repository/org/checkerframework/checker-qual/3.33.0/checker-qual-3.33.0.jar:/Users/naveenautomationlabs/.m2/repository/com/google/errorprone/error_prone_annotations/2.18.0/error_prone_annotations-2.18.0.jar:/Users/naveenautomationlabs/.m2/repository/com/google/j2objc/j2objc-annotations/2.8/j2objc-annotations-2.8.jar:/Users/naveenautomationlabs/.m2/repository/com/fasterxml/jackson/datatype/jackson-datatype-jsr310/2.15.2/jackson-datatype-jsr310-2.15.2.jar:/Users/naveenautomationlabs/.m2/repository/org/xmlunit/xmlunit-core/2.9.1/xmlunit-core-2.9.1.jar:/Users/naveenautomationlabs/.m2/repository/jakarta/xml/bind/jakarta.xml.bind-api/2.3.3/jakarta.xml.bind-api-2.3.3.jar:/Users/naveenautomationlabs/.m2/repository/jakarta/activation/jakarta.activation-api/1.2.2/jakarta.activation-api-1.2.2.jar:/Users/naveenautomationlabs/.m2/repository/org/xmlunit/xmlunit-legacy/2.9.1/xmlunit-legacy-2.9.1.jar:/Users/naveenautomationlabs/.m2/repository/org/xmlunit/xmlunit-placeholders/2.9.1/xmlunit-placeholders-2.9.1.jar:/Users/naveenautomationlabs/.m2/repository/net/javacrumbs/json-unit/json-unit-core/2.38.0/json-unit-core-2.38.0.jar:/Users/naveenautomationlabs/.m2/repository/org/hamcrest/hamcrest-core/2.2/hamcrest-core-2.2.jar:/Users/naveenautomationlabs/.m2/repository/com/jayway/jsonpath/json-path/2.8.0/json-path-2.8.0.jar:/Users/naveenautomationlabs/.m2/repository/net/minidev/json-smart/2.4.10/json-smart-2.4.10.jar:/Users/naveenautomationlabs/.m2/repository/net/minidev/accessors-smart/2.4.9/accessors-smart-2.4.9.jar:/Users/naveenautomationlabs/.m2/repository/org/ow2/asm/asm/9.5/asm-9.5.jar:/Users/naveenautomationlabs/.m2/repository/net/sf/jopt-simple/jopt-simple/5.0.4/jopt-simple-5.0.4.jar:/Users/naveenautomationlabs/.m2/repository/org/apache/commons/commons-lang3/3.12.0/commons-lang3-3.12.0.jar:/Users/naveenautomationlabs/.m2/repository/com/github/jknack/handlebars/4.3.1/handlebars-4.3.1.jar:/Users/naveenautomationlabs/.m2/repository/com/github/jknack/handlebars-helpers/4.3.1/handlebars-helpers-4.3.1.jar:/Users/naveenautomationlabs/.m2/repository/commons-fileupload/commons-fileupload/1.5/commons-fileupload-1.5.jar:/Users/naveenautomationlabs/.m2/repository/commons-io/commons-io/2.13.0/commons-io-2.13.0.jar:/Users/naveenautomationlabs/.m2/repository/com/networknt/json-schema-validator/1.0.83/json-schema-validator-1.0.83.jar:/Users/naveenautomationlabs/.m2/repository/com/ethlo/time/itu/1.7.0/itu-1.7.0.jar:/Users/naveenautomationlabs/.m2/repository/com/fasterxml/jackson/dataformat/jackson-dataformat-yaml/2.14.2/jackson-dataformat-yaml-2.14.2.jar:/Users/naveenautomationlabs/.m2/repository/org/yaml/snakeyaml/1.33/snakeyaml-1.33.jar:/Users/naveenautomationlabs/.m2/repository/org/testng/testng/7.0.0/testng-7.0.0.jar:/Users/naveenautomationlabs/.m2/repository/com/beust/jcommander/1.72/jcommander-1.72.jar:/Users/naveenautomationlabs/.m2/repository/io/rest-assured/rest-assured/5.3.1/rest-assured-5.3.1.jar:/Users/naveenautomationlabs/.m2/repository/org/apache/groovy/groovy/4.0.11/groovy-4.0.11.jar:/Users/naveenautomationlabs/.m2/repository/org/apache/groovy/groovy-xml/4.0.11/groovy-xml-4.0.11.jar:/Users/naveenautomationlabs/.m2/repository/org/apache/httpcomponents/httpclient/4.5.13/httpclient-4.5.13.jar:/Users/naveenautomationlabs/.m2/repository/org/apache/httpcomponents/httpcore/4.4.13/httpcore-4.4.13.jar:/Users/naveenautomationlabs/.m2/repository/commons-logging/commons-logging/1.2/commons-logging-1.2.jar:/Users/naveenautomationlabs/.m2/repository/commons-codec/commons-codec/1.11/commons-codec-1.11.jar:/Users/naveenautomationlabs/.m2/repository/org/apache/httpcomponents/httpmime/4.5.13/httpmime-4.5.13.jar:/Users/naveenautomationlabs/.m2/repository/org/hamcrest/hamcrest/2.2/hamcrest-2.2.jar:/Users/naveenautomationlabs/.m2/repository/org/ccil/cowan/tagsoup/tagsoup/1.2.1/tagsoup-1.2.1.jar:/Users/naveenautomationlabs/.m2/repository/io/rest-assured/json-path/5.3.1/json-path-5.3.1.jar:/Users/naveenautomationlabs/.m2/repository/org/apache/groovy/groovy-json/4.0.11/groovy-json-4.0.11.jar:/Users/naveenautomationlabs/.m2/repository/io/rest-assured/rest-assured-common/5.3.1/rest-assured-common-5.3.1.jar:/Users/naveenautomationlabs/.m2/repository/io/rest-assured/xml-path/5.3.1/xml-path-5.3.1.jar:"/>
    <property name="sun.cpu.endian" value="little"/>
    <property name="user.home" value="/Users/naveenautomationlabs"/>
    <property name="user.language" value="en"/>
    <property name="java.specification.vendor" value="Oracle Corporation"/>
    <property name="java.version.date" value="2023-01-17"/>
    <property name="java.home" value="/Library/Java/JavaVirtualMachines/jdk-11.jdk/Contents/Home"/>
    <property name="file.separator" value="/"/>
    <property name="basedir" value="/Users/naveenautomationlabs/Documents/workspace1/OMSUIAutomation"/>
    <property name="java.vm.compressedOopsMode" value="Zero based"/>
    <property name="line.separator" value="&#10;"/>
    <property name="java.specification.name" value="Java Platform API Specification"/>
    <property name="java.vm.specification.vendor" value="Oracle Corporation"/>
    <property name="java.awt.graphicsenv" value="sun.awt.CGraphicsEnvironment"/>
    <property name="surefire.real.class.path" value="/Users/naveenautomationlabs/Documents/workspace1/OMSUIAutomation/target/surefire/surefirebooter-20230823222306570_3.jar"/>
    <property name="sun.management.compiler" value="HotSpot 64-Bit Tiered Compilers"/>
    <property name="ftp.nonProxyHosts" value="local|*.local| 169.254/16|*. 169.254/16"/>
    <property name="org.eclipse.jetty.http.HttpGenerator.STRICT" value="true"/>
    <property name="java.runtime.version" value="11.0.18+9-LTS-195"/>
    <property name="user.name" value="naveenautomationlabs"/>
    <property name="path.separator" value=":"/>
    <property name="os.version" value="13.4.1"/>
    <property name="java.runtime.name" value="Java(TM) SE Runtime Environment"/>
    <property name="file.encoding" value="UTF-8"/>
    <property name="java.vm.name" value="Java HotSpot(TM) 64-Bit Server VM"/>
    <property name="java.vendor.version" value="18.9"/>
    <property name="localRepository" value="/Users/naveenautomationlabs/.m2/repository"/>
    <property name="javax.xml.xpath.XPathFactory:http://java.sun.com/jaxp/xpath/dom" value="com.sun.org.apache.xpath.internal.jaxp.XPathFactoryImpl"/>
    <property name="java.vendor.url.bug" value="https://bugreport.java.com/bugreport/"/>
    <property name="jetty.git.hash" value="d5b8c29485f5f56a14be5f20c2ccce81b93c5555"/>
    <property name="java.io.tmpdir" value="/var/folders/_s/grkxq_lj10v_tqx8jd_71sl80000gn/T/"/>
    <property name="java.version" value="11.0.18"/>
    <property name="user.dir" value="/Users/naveenautomationlabs/Documents/workspace1/OMSUIAutomation"/>
    <property name="os.arch" value="x86_64"/>
    <property name="java.vm.specification.name" value="Java Virtual Machine Specification"/>
    <property name="java.awt.printerjob" value="sun.lwawt.macosx.CPrinterJob"/>
    <property name="sun.os.patch.level" value="unknown"/>
    <property name="java.library.path" value="/Users/naveenautomationlabs/Library/Java/Extensions:/Library/Java/Extensions:/Network/Library/Java/Extensions:/System/Library/Java/Extensions:/usr/lib/java:."/>
    <property name="java.vendor" value="Oracle Corporation"/>
    <property name="java.vm.info" value="mixed mode"/>
    <property name="java.vm.version" value="11.0.18+9-LTS-195"/>
    <property name="sun.io.unicode.encoding" value="UnicodeBig"/>
    <property name="javax.xml.transform.TransformerFactory" value="com.sun.org.apache.xalan.internal.xsltc.trax.TransformerFactoryImpl"/>
    <property name="java.class.version" value="55.0"/>
    <property name="socksNonProxyHosts" value="local|*.local| 169.254/16|*. 169.254/16"/>
  </properties>
  <testcase name="setUp" classname="MockTest.MockPutAPITest" time="2.493">
    <failure message="java.lang.RuntimeException: java.io.IOException: Failed to bind to /0.0.0.0:8085" type="com.github.tomakehurst.wiremock.common.FatalStartupException"><![CDATA[com.github.tomakehurst.wiremock.common.FatalStartupException: java.lang.RuntimeException: java.io.IOException: Failed to bind to /0.0.0.0:8085
	at com.github.tomakehurst.wiremock.WireMockServer.start(WireMockServer.java:160)
	at mock.WireMockSetup.createWireMockServer(WireMockSetup.java:15)
	at MockTest.MockPutAPITest.setUp(MockPutAPITest.java:17)
	at java.base/jdk.internal.reflect.NativeMethodAccessorImpl.invoke0(Native Method)
	at java.base/jdk.internal.reflect.NativeMethodAccessorImpl.invoke(NativeMethodAccessorImpl.java:62)
	at java.base/jdk.internal.reflect.DelegatingMethodAccessorImpl.invoke(DelegatingMethodAccessorImpl.java:43)
	at java.base/java.lang.reflect.Method.invoke(Method.java:566)
	at org.testng.internal.MethodInvocationHelper.invokeMethod(MethodInvocationHelper.java:133)
	at org.testng.internal.MethodInvocationHelper.invokeMethodConsideringTimeout(MethodInvocationHelper.java:62)
	at org.testng.internal.ConfigInvoker.invokeConfigurationMethod(ConfigInvoker.java:340)
	at org.testng.internal.ConfigInvoker.invokeConfigurations(ConfigInvoker.java:294)
	at org.testng.TestRunner.invokeTestConfigurations(TestRunner.java:623)
	at org.testng.TestRunner.beforeRun(TestRunner.java:613)
	at org.testng.TestRunner.run(TestRunner.java:584)
	at org.testng.SuiteRunner.runTest(SuiteRunner.java:402)
	at org.testng.SuiteRunner.runSequentially(SuiteRunner.java:396)
	at org.testng.SuiteRunner.privateRun(SuiteRunner.java:355)
	at org.testng.SuiteRunner.run(SuiteRunner.java:304)
	at org.testng.SuiteRunnerWorker.runSuite(SuiteRunnerWorker.java:53)
	at org.testng.SuiteRunnerWorker.run(SuiteRunnerWorker.java:96)
	at org.testng.TestNG.runSuitesSequentially(TestNG.java:1180)
	at org.testng.TestNG.runSuitesLocally(TestNG.java:1102)
	at org.testng.TestNG.runSuites(TestNG.java:1032)
	at org.testng.TestNG.run(TestNG.java:1000)
	at org.apache.maven.surefire.testng.TestNGExecutor.run(TestNGExecutor.java:155)
	at org.apache.maven.surefire.testng.TestNGDirectoryTestSuite.executeMulti(TestNGDirectoryTestSuite.java:169)
	at org.apache.maven.surefire.testng.TestNGDirectoryTestSuite.execute(TestNGDirectoryTestSuite.java:88)
	at org.apache.maven.surefire.testng.TestNGProvider.invoke(TestNGProvider.java:137)
	at org.apache.maven.surefire.booter.ForkedBooter.runSuitesInProcess(ForkedBooter.java:385)
	at org.apache.maven.surefire.booter.ForkedBooter.execute(ForkedBooter.java:162)
	at org.apache.maven.surefire.booter.ForkedBooter.run(ForkedBooter.java:507)
	at org.apache.maven.surefire.booter.ForkedBooter.main(ForkedBooter.java:495)
Caused by: java.lang.RuntimeException: java.io.IOException: Failed to bind to /0.0.0.0:8085
	at com.github.tomakehurst.wiremock.jetty.JettyHttpServer.start(JettyHttpServer.java:198)
	at com.github.tomakehurst.wiremock.WireMockServer.start(WireMockServer.java:158)
	... 31 more
Caused by: java.io.IOException: Failed to bind to /0.0.0.0:8085
	at org.eclipse.jetty.server.ServerConnector.openAcceptChannel(ServerConnector.java:344)
	at org.eclipse.jetty.server.ServerConnector.open(ServerConnector.java:304)
	at org.eclipse.jetty.server.Server.lambda$doStart$0(Server.java:402)
	at java.base/java.util.stream.ForEachOps$ForEachOp$OfRef.accept(ForEachOps.java:183)
	at java.base/java.util.stream.ReferencePipeline$3$1.accept(ReferencePipeline.java:195)
	at java.base/java.util.stream.ReferencePipeline$2$1.accept(ReferencePipeline.java:177)
	at java.base/java.util.Spliterators$ArraySpliterator.forEachRemaining(Spliterators.java:948)
	at java.base/java.util.stream.AbstractPipeline.copyInto(AbstractPipeline.java:484)
	at java.base/java.util.stream.AbstractPipeline.wrapAndCopyInto(AbstractPipeline.java:474)
	at java.base/java.util.stream.ForEachOps$ForEachOp.evaluateSequential(ForEachOps.java:150)
	at java.base/java.util.stream.ForEachOps$ForEachOp$OfRef.evaluateSequential(ForEachOps.java:173)
	at java.base/java.util.stream.AbstractPipeline.evaluate(AbstractPipeline.java:234)
	at java.base/java.util.stream.ReferencePipeline.forEach(ReferencePipeline.java:497)
	at org.eclipse.jetty.server.Server.doStart(Server.java:398)
	at org.eclipse.jetty.util.component.AbstractLifeCycle.start(AbstractLifeCycle.java:93)
	at com.github.tomakehurst.wiremock.jetty.JettyHttpServer.start(JettyHttpServer.java:196)
	... 32 more
Caused by: java.net.BindException: Address already in use
	at java.base/sun.nio.ch.Net.bind0(Native Method)
	at java.base/sun.nio.ch.Net.bind(Net.java:459)
	at java.base/sun.nio.ch.Net.bind(Net.java:448)
	at java.base/sun.nio.ch.ServerSocketChannelImpl.bind(ServerSocketChannelImpl.java:227)
	at org.eclipse.jetty.server.ServerConnector.openAcceptChannel(ServerConnector.java:339)
	... 47 more
]]></failure>
    <system-err><![CDATA[SLF4J: Failed to load class "org.slf4j.impl.StaticLoggerBinder".
SLF4J: Defaulting to no-operation (NOP) logger implementation
SLF4J: See http://www.slf4j.org/codes.html#StaticLoggerBinder for further details.
]]></system-err>
  </testcase>
  <testcase name="testUpdateDummyUser" classname="MockTest.MockPutAPITest" time="0.0">
    <skipped message="java.lang.RuntimeException: java.io.IOException: Failed to bind to /0.0.0.0:8085"/>
  </testcase>
  <testcase name="tearDown" classname="MockTest.MockPutAPITest" time="0.0">
    <skipped/>
  </testcase>
  <testcase name="setUp" classname="MockTest.MockQueryParamAPITest" time="0.0">
    <skipped/>
  </testcase>
  <testcase name="testGetWithQueryParams" classname="MockTest.MockQueryParamAPITest" time="0.0">
    <skipped message="java.lang.RuntimeException: java.io.IOException: Failed to bind to /0.0.0.0:8085"/>
  </testcase>
  <testcase name="tearDown" classname="MockTest.MockQueryParamAPITest" time="0.0">
    <skipped/>
  </testcase>
  <testcase name="mockSetup" classname="MockTest.MockServerTest" time="0.0">
    <skipped/>
  </testcase>
  <testcase name="testMockGETAPI" classname="MockTest.MockServerTest" time="0.0">
    <skipped message="java.lang.RuntimeException: java.io.IOException: Failed to bind to /0.0.0.0:8085"/>
  </testcase>
  <testcase name="tearDown" classname="MockTest.MockServerTest" time="0.0">
    <skipped/>
  </testcase>
  <testcase name="testDeleteDummyUser" classname="MockTest.MockDeleteAPITest" time="0.0">
    <skipped message="java.lang.RuntimeException: java.io.IOException: Failed to bind to /0.0.0.0:8085"/>
  </testcase>
  <testcase name="tearDown" classname="MockTest.MockDeleteAPITest" time="0.0">
    <skipped/>
  </testcase>
  <testcase name="mockSetup" classname="MockTest.MockPOSTAPITest" time="0.0">
    <skipped/>
  </testcase>
  <testcase name="testMockPostApi" classname="MockTest.MockPOSTAPITest" time="0.0">
    <skipped message="java.lang.RuntimeException: java.io.IOException: Failed to bind to /0.0.0.0:8085"/>
  </testcase>
  <testcase name="tearDown" classname="MockTest.MockPOSTAPITest" time="0.0">
    <skipped/>
  </testcase>
</testsuite>