<?xml version="1.0" encoding="UTF-8"?>
<!-- Generated by org.testng.reporters.JUnitReportReporter -->
<testsuite hostname="naveenautomationlabss-MacBook-Pro.local" failures="0" tests="1" name="MockTest.MockDeleteAPITest" time="0.000" errors="0" timestamp="2023-08-23T22:23:09 IST" skipped="1">
  <testcase classname="MockTest.MockDeleteAPITest" name="testDeleteDummyUser" time="0.000">
    <skipped/>
  </testcase> <!-- testDeleteDummyUser -->
</testsuite> <!-- MockTest.MockDeleteAPITest -->
