<?xml version="1.0" encoding="UTF-8"?>
<!-- Generated by org.testng.reporters.JUnitReportReporter -->
<testsuite hostname="naveenautomationlabss-MacBook-Pro.local" failures="0" tests="1" name="MockTest.MockServerTest" time="2.384" errors="0" timestamp="2023-08-23T12:36:41 IST" skipped="0">
  <testcase classname="MockTest.MockServerTest" name="testMockServer" time="2.384"/>
</testsuite> <!-- MockTest.MockServerTest -->
