<?xml version="1.0" encoding="UTF-8"?>
<!-- Generated by org.testng.reporters.JUnitReportReporter -->
<testsuite hostname="naveenautomationlabss-MacBook-Pro.local" failures="0" tests="1" name="MockTest.MockServerTest" time="0.000" errors="0" timestamp="2023-08-23T19:38:09 IST" skipped="1">
  <testcase classname="MockTest.MockServerTest" name="testMockGETAPI" time="0.000">
    <skipped/>
  </testcase> <!-- testMockGETAPI -->
</testsuite> <!-- MockTest.MockServerTest -->
